<?xml version="1.0" encoding="UTF-8"?>
<!-- Generated by org.testng.reporters.JUnitXMLReporter -->
<testsuite ignored="0" hostname="DESKTOP-AM6U94K" failures="0" tests="8" name="Default test" time="19.856" errors="0" timestamp="2023-02-24T11:11:24 IST">
  <testcase classname="negative_Testing.Login_Neg_Test" name="bothWrongCreds" time="6.478"/>
  <testcase classname="negative_Testing.Login_Neg_Test" name="invalidPassword" time="1.405"/>
  <testcase classname="negative_Testing.Login_Neg_Test" name="invalidUsername" time="1.23"/>
  <testcase classname="negative_Testing.Login_Neg_Test" name="bothemptycreds" time="1.338"/>
  <testcase classname="negative_Testing.Login_Neg_Test" name="emptyUsername" time="1.236"/>
  <testcase classname="negative_Testing.Login_Neg_Test" name="emptyPassword" time="1.241"/>
  <testcase classname="negative_Testing.Login_Neg_Test" name="NumericUsername" time="1.3"/>
  <testcase classname="negative_Testing.Login_Neg_Test" name="sizeofUsername" time="1.25"/>
</testsuite> <!-- Default test -->
