<?xml version="1.0" encoding="UTF-8"?>
<!-- Generated by org.testng.reporters.JUnitXMLReporter -->
<testsuite ignored="1" hostname="LAPTOP-UBMQF7FC" failures="0" tests="5" name="Test" time="58.135" errors="0" timestamp="2022-12-15T12:05:41 IST">
  <testcase classname="com.mohs10.scripts.HomeTest" name="LoginPageTestCase" time="10.459"/>
  <testcase classname="com.mohs10.scripts.HomeTest" name="BlogbtnTestCase" time="8.71"/>
  <testcase classname="com.mohs10.scripts.HomeTest" name="NewsbtnTestCase" time="12.967"/>
  <testcase classname="com.mohs10.scripts.HomeTest" name="CategoriesTest" time="11.173"/>
  <testcase classname="com.mohs10.Report.PDFReportTest" name="PDFreports" time="11.587"/>
  <testcase classname="com.mohs10.base.StartBrowser" name="@BeforeTest generateReport" time="0.0">
    <ignored/>
  </testcase> <!-- @BeforeTest generateReport -->
</testsuite> <!-- Test -->
