<?xml version="1.0" encoding="UTF-8"?>
<!-- Generated by org.testng.reporters.JUnitXMLReporter -->
<testsuite ignored="1" hostname="DESKTOP-AM6U94K" failures="0" tests="2" name="Test2" time="47.661" errors="0" timestamp="2023-04-14T17:00:28 IST">
  <testcase classname="dashboard_db.TablesTest" name="Tables" time="21.46"/>
  <testcase classname="com.mohs10.Report.PDFReportTest" name="PDFreports" time="23.785"/>
  <testcase classname="com.mohs10.base.StartBrowser" name="@BeforeTest generateReport" time="0.0">
    <ignored/>
  </testcase> <!-- @BeforeTest generateReport -->
</testsuite> <!-- Test2 -->
