<?xml version="1.0" encoding="UTF-8"?>
<!-- Generated by org.testng.reporters.JUnitXMLReporter -->
<testsuite ignored="1" hostname="DESKTOP-AM6U94K" failures="0" tests="2" name="Test3" time="51.787" errors="0" timestamp="2023-04-14T17:14:11 IST">
  <testcase classname="dashboard_db.TablesTest" name="Tables" time="21.818"/>
  <testcase classname="com.mohs10.Report.PDFReportTest" name="PDFreports" time="24.325"/>
  <testcase classname="com.mohs10.base.StartBrowser" name="@BeforeTest generateReport" time="0.0">
    <ignored/>
  </testcase> <!-- @BeforeTest generateReport -->
</testsuite> <!-- Test3 -->
