<?xml version="1.0" encoding="UTF-8"?>
<testng-results ignored="0" total="1" passed="1" failed="0" skipped="0">
  <reporter-output>
  </reporter-output>
  <suite started-at="2023-01-10T16:50:06 IST" name="Default suite" finished-at="2023-01-10T16:50:16 IST" duration-ms="9528">
    <groups>
    </groups>
    <test started-at="2023-01-10T16:50:06 IST" name="Default test" finished-at="2023-01-10T16:50:16 IST" duration-ms="9528">
      <class name="com.mohs10.scripts.AppTest">
        <test-method is-config="true" signature="generateReport()[pri:0, instance:com.mohs10.scripts.AppTest@57cf54e1]" started-at="2023-01-10T16:50:06 IST" name="generateReport" finished-at="2023-01-10T16:50:06 IST" duration-ms="243" status="PASS">
          <reporter-output>
          </reporter-output>
        </test-method> <!-- generateReport -->
        <test-method is-config="true" signature="beforeClass()[pri:0, instance:com.mohs10.scripts.AppTest@57cf54e1]" started-at="2023-01-10T16:50:06 IST" name="beforeClass" finished-at="2023-01-10T16:50:09 IST" duration-ms="2298" status="PASS">
          <reporter-output>
          </reporter-output>
        </test-method> <!-- beforeClass -->
        <test-method is-config="true" signature="methodName(java.lang.reflect.Method)[pri:0, instance:com.mohs10.scripts.AppTest@57cf54e1]" started-at="2023-01-10T16:50:09 IST" name="methodName" finished-at="2023-01-10T16:50:09 IST" duration-ms="11" status="PASS">
          <params>
            <param index="0">
              <value>
                <![CDATA[public void com.mohs10.scripts.AppTest.kickStart() throws java.lang.Throwable]]>
              </value>
            </param>
          </params>
          <reporter-output>
          </reporter-output>
        </test-method> <!-- methodName -->
        <test-method signature="kickStart()[pri:0, instance:com.mohs10.scripts.AppTest@57cf54e1]" started-at="2023-01-10T16:50:09 IST" name="kickStart" finished-at="2023-01-10T16:50:15 IST" duration-ms="6385" status="PASS">
          <reporter-output>
          </reporter-output>
        </test-method> <!-- kickStart -->
        <test-method is-config="true" signature="afterClass()[pri:0, instance:com.mohs10.scripts.AppTest@57cf54e1]" started-at="2023-01-10T16:50:15 IST" name="afterClass" finished-at="2023-01-10T16:50:16 IST" duration-ms="554" status="PASS">
          <reporter-output>
          </reporter-output>
        </test-method> <!-- afterClass -->
      </class> <!-- com.mohs10.scripts.AppTest -->
    </test> <!-- Default test -->
  </suite> <!-- Default suite -->
</testng-results>
