<?xml version="1.0" encoding="UTF-8"?>
<testng-results ignored="0" total="8" passed="8" failed="0" skipped="0">
  <reporter-output>
  </reporter-output>
  <suite started-at="2023-02-24T11:11:04 IST" name="Default suite" finished-at="2023-02-24T11:11:24 IST" duration-ms="19856">
    <groups>
    </groups>
    <test started-at="2023-02-24T11:11:04 IST" name="Default test" finished-at="2023-02-24T11:11:24 IST" duration-ms="19856">
      <class name="negative_Testing.Login_Neg_Test">
        <test-method is-config="true" signature="generateReport()[pri:0, instance:negative_Testing.Login_Neg_Test@4803b726]" started-at="2023-02-24T11:11:04 IST" name="generateReport" finished-at="2023-02-24T11:11:04 IST" duration-ms="517" status="PASS">
          <reporter-output>
          </reporter-output>
        </test-method> <!-- generateReport -->
        <test-method is-config="true" signature="beforeClass()[pri:0, instance:negative_Testing.Login_Neg_Test@4803b726]" started-at="2023-02-24T11:11:04 IST" name="beforeClass" finished-at="2023-02-24T11:11:07 IST" duration-ms="2916" status="PASS">
          <reporter-output>
          </reporter-output>
        </test-method> <!-- beforeClass -->
        <test-method is-config="true" signature="methodName(java.lang.reflect.Method)[pri:0, instance:negative_Testing.Login_Neg_Test@4803b726]" started-at="2023-02-24T11:11:07 IST" name="methodName" finished-at="2023-02-24T11:11:07 IST" duration-ms="24" status="PASS">
          <params>
            <param index="0">
              <value>
                <![CDATA[public static void negative_Testing.Login_Neg_Test.bothWrongCreds() throws java.lang.Throwable]]>
              </value>
            </param>
          </params>
          <reporter-output>
          </reporter-output>
        </test-method> <!-- methodName -->
        <test-method signature="bothWrongCreds()[pri:0, instance:negative_Testing.Login_Neg_Test@4803b726]" started-at="2023-02-24T11:11:07 IST" name="bothWrongCreds" finished-at="2023-02-24T11:11:14 IST" duration-ms="6478" status="PASS">
          <reporter-output>
          </reporter-output>
        </test-method> <!-- bothWrongCreds -->
        <test-method is-config="true" signature="methodName(java.lang.reflect.Method)[pri:0, instance:negative_Testing.Login_Neg_Test@4803b726]" started-at="2023-02-24T11:11:14 IST" name="methodName" finished-at="2023-02-24T11:11:14 IST" duration-ms="2" status="PASS">
          <params>
            <param index="0">
              <value>
                <![CDATA[public static void negative_Testing.Login_Neg_Test.invalidPassword() throws java.lang.Throwable]]>
              </value>
            </param>
          </params>
          <reporter-output>
          </reporter-output>
        </test-method> <!-- methodName -->
        <test-method signature="invalidPassword()[pri:1, instance:negative_Testing.Login_Neg_Test@4803b726]" started-at="2023-02-24T11:11:14 IST" name="invalidPassword" finished-at="2023-02-24T11:11:15 IST" duration-ms="1405" status="PASS">
          <reporter-output>
          </reporter-output>
        </test-method> <!-- invalidPassword -->
        <test-method is-config="true" signature="methodName(java.lang.reflect.Method)[pri:0, instance:negative_Testing.Login_Neg_Test@4803b726]" started-at="2023-02-24T11:11:15 IST" name="methodName" finished-at="2023-02-24T11:11:15 IST" duration-ms="1" status="PASS">
          <params>
            <param index="0">
              <value>
                <![CDATA[public static void negative_Testing.Login_Neg_Test.invalidUsername() throws java.lang.Throwable]]>
              </value>
            </param>
          </params>
          <reporter-output>
          </reporter-output>
        </test-method> <!-- methodName -->
        <test-method signature="invalidUsername()[pri:2, instance:negative_Testing.Login_Neg_Test@4803b726]" started-at="2023-02-24T11:11:15 IST" name="invalidUsername" finished-at="2023-02-24T11:11:17 IST" duration-ms="1230" status="PASS">
          <reporter-output>
          </reporter-output>
        </test-method> <!-- invalidUsername -->
        <test-method is-config="true" signature="methodName(java.lang.reflect.Method)[pri:0, instance:negative_Testing.Login_Neg_Test@4803b726]" started-at="2023-02-24T11:11:17 IST" name="methodName" finished-at="2023-02-24T11:11:17 IST" duration-ms="1" status="PASS">
          <params>
            <param index="0">
              <value>
                <![CDATA[public static void negative_Testing.Login_Neg_Test.bothemptycreds() throws java.lang.Throwable]]>
              </value>
            </param>
          </params>
          <reporter-output>
          </reporter-output>
        </test-method> <!-- methodName -->
        <test-method signature="bothemptycreds()[pri:3, instance:negative_Testing.Login_Neg_Test@4803b726]" started-at="2023-02-24T11:11:17 IST" name="bothemptycreds" finished-at="2023-02-24T11:11:18 IST" duration-ms="1338" status="PASS">
          <reporter-output>
          </reporter-output>
        </test-method> <!-- bothemptycreds -->
        <test-method is-config="true" signature="methodName(java.lang.reflect.Method)[pri:0, instance:negative_Testing.Login_Neg_Test@4803b726]" started-at="2023-02-24T11:11:18 IST" name="methodName" finished-at="2023-02-24T11:11:18 IST" duration-ms="0" status="PASS">
          <params>
            <param index="0">
              <value>
                <![CDATA[public static void negative_Testing.Login_Neg_Test.emptyUsername() throws java.lang.Throwable]]>
              </value>
            </param>
          </params>
          <reporter-output>
          </reporter-output>
        </test-method> <!-- methodName -->
        <test-method signature="emptyUsername()[pri:4, instance:negative_Testing.Login_Neg_Test@4803b726]" started-at="2023-02-24T11:11:18 IST" name="emptyUsername" finished-at="2023-02-24T11:11:19 IST" duration-ms="1236" status="PASS">
          <reporter-output>
          </reporter-output>
        </test-method> <!-- emptyUsername -->
        <test-method is-config="true" signature="methodName(java.lang.reflect.Method)[pri:0, instance:negative_Testing.Login_Neg_Test@4803b726]" started-at="2023-02-24T11:11:19 IST" name="methodName" finished-at="2023-02-24T11:11:19 IST" duration-ms="1" status="PASS">
          <params>
            <param index="0">
              <value>
                <![CDATA[public static void negative_Testing.Login_Neg_Test.emptyPassword() throws java.lang.Throwable]]>
              </value>
            </param>
          </params>
          <reporter-output>
          </reporter-output>
        </test-method> <!-- methodName -->
        <test-method signature="emptyPassword()[pri:5, instance:negative_Testing.Login_Neg_Test@4803b726]" started-at="2023-02-24T11:11:19 IST" name="emptyPassword" finished-at="2023-02-24T11:11:20 IST" duration-ms="1241" status="PASS">
          <reporter-output>
          </reporter-output>
        </test-method> <!-- emptyPassword -->
        <test-method is-config="true" signature="methodName(java.lang.reflect.Method)[pri:0, instance:negative_Testing.Login_Neg_Test@4803b726]" started-at="2023-02-24T11:11:20 IST" name="methodName" finished-at="2023-02-24T11:11:20 IST" duration-ms="1" status="PASS">
          <params>
            <param index="0">
              <value>
                <![CDATA[public static void negative_Testing.Login_Neg_Test.NumericUsername() throws java.lang.Throwable]]>
              </value>
            </param>
          </params>
          <reporter-output>
          </reporter-output>
        </test-method> <!-- methodName -->
        <test-method signature="NumericUsername()[pri:6, instance:negative_Testing.Login_Neg_Test@4803b726]" started-at="2023-02-24T11:11:20 IST" name="NumericUsername" finished-at="2023-02-24T11:11:22 IST" duration-ms="1300" status="PASS">
          <reporter-output>
          </reporter-output>
        </test-method> <!-- NumericUsername -->
        <test-method is-config="true" signature="methodName(java.lang.reflect.Method)[pri:0, instance:negative_Testing.Login_Neg_Test@4803b726]" started-at="2023-02-24T11:11:22 IST" name="methodName" finished-at="2023-02-24T11:11:22 IST" duration-ms="4" status="PASS">
          <params>
            <param index="0">
              <value>
                <![CDATA[public static void negative_Testing.Login_Neg_Test.sizeofUsername() throws java.lang.Throwable]]>
              </value>
            </param>
          </params>
          <reporter-output>
          </reporter-output>
        </test-method> <!-- methodName -->
        <test-method signature="sizeofUsername()[pri:7, instance:negative_Testing.Login_Neg_Test@4803b726]" started-at="2023-02-24T11:11:22 IST" name="sizeofUsername" finished-at="2023-02-24T11:11:23 IST" duration-ms="1250" status="PASS">
          <reporter-output>
          </reporter-output>
        </test-method> <!-- sizeofUsername -->
        <test-method is-config="true" signature="afterClass()[pri:0, instance:negative_Testing.Login_Neg_Test@4803b726]" started-at="2023-02-24T11:11:23 IST" name="afterClass" finished-at="2023-02-24T11:11:24 IST" duration-ms="815" status="PASS">
          <reporter-output>
          </reporter-output>
        </test-method> <!-- afterClass -->
      </class> <!-- negative_Testing.Login_Neg_Test -->
    </test> <!-- Default test -->
  </suite> <!-- Default suite -->
</testng-results>
